<?xml version="1.0" encoding="UTF-8" ?>
<testsuite tests="16" failures="0" name="cucumberTest.TestRunner" time="12.191" errors="0" skipped="0">
  <properties>
[...]
</properties>
  <testcase classname="| Edinburgh,UK | Glasgow,UK | metric |" name="Given that I want to find the distance between Edinburgh,UK and Glasgow,UK in metric" time="0.007"/>
  <testcase classname="| Edinburgh,UK | Glasgow,UK | metric |" name="When I send the request to Distance Matrix API" time="0"/>
  <testcase classname="| Edinburgh,UK | Glasgow,UK | metric |" name="Then the status is &apos;OK&apos;" time="0"/>
  <testcase classname="| Edinburgh,UK | Glasgow,UK | metric |" name="| Edinburgh,UK | Glasgow,UK | metric |" time="0.008"/>
  <testcase classname="| York,UK | London,UK | imperial |" name="Given that I want to find the distance between York,UK and London,UK in imperial" time="0"/>
  <testcase classname="| York,UK | London,UK | imperial |" name="When I send the request to Distance Matrix API" time="0"/>
  <testcase classname="| York,UK | London,UK | imperial |" name="Then the status is &apos;OK&apos;" time="0"/>
  <testcase classname="| York,UK | London,UK | imperial |" name="| York,UK | London,UK | imperial |" time="0"/>
  <testcase classname="| Washington,DC | New York City, NY | metric |" name="Given that I want to find the distance between Washington,DC and New York City, NY in metric" time="0"/>
  <testcase classname="| Washington,DC | New York City, NY | metric |" name="When I send the request to Distance Matrix API" time="0"/>
  <testcase classname="| Washington,DC | New York City, NY | metric |" name="Then the status is &apos;OK&apos;" time="0"/>
  <testcase classname="| Washington,DC | New York City, NY | metric |" name="| Washington,DC | New York City, NY | metric |" time="11.816"/>
  <testcase classname="Scenario: API Test 02: Verify the status is INVALID_REQUEST if the origin is missing in the request" name="Given I send the request to Distance Matrix API" time="0"/>
  <testcase classname="Scenario: API Test 02: Verify the status is INVALID_REQUEST if the origin is missing in the request" name="When the value of origin is blank" time="0"/>
  <testcase classname="Scenario: API Test 02: Verify the status is INVALID_REQUEST if the origin is missing in the request" name="Then the status is &apos;INVALID_REQUEST&apos;" time="0"/>
  <testcase classname="Scenario: API Test 02: Verify the status is INVALID_REQUEST if the origin is missing in the request" name="Scenario: API Test 02: Verify the status is INVALID_REQUEST if the origin is missing in the request" time="0.36"/>
</testsuite>